0 info it worked if it ends with ok
1 verbose cli [ '/Users/jp/.nvm/v5.7.1/bin/node',
1 verbose cli   '/Users/jp/.nvm/v5.7.1/bin/npm',
1 verbose cli   'start',
1 verbose cli   '--',
1 verbose cli   '--reset-cache' ]
2 info using npm@3.6.0
3 info using node@v5.7.1
4 verbose config Skipping project config: /Users/jp/.npmrc. (matches userconfig)
5 verbose stack Error: ENOENT: no such file or directory, open '/Users/jp/package.json'
5 verbose stack     at Error (native)
6 verbose cwd /Users/jp/src/tent-application/api/tent
7 error Darwin 15.3.0
8 error argv "/Users/jp/.nvm/v5.7.1/bin/node" "/Users/jp/.nvm/v5.7.1/bin/npm" "start" "--" "--reset-cache"
9 error node v5.7.1
10 error npm  v3.6.0
11 error path /Users/jp/package.json
12 error code ENOENT
13 error errno -2
14 error syscall open
15 error enoent ENOENT: no such file or directory, open '/Users/jp/package.json'
16 error enoent ENOENT: no such file or directory, open '/Users/jp/package.json'
16 error enoent This is most likely not a problem with npm itself
16 error enoent and is related to npm not being able to find a file.
17 verbose exit [ -2, true ]
